<?xml version="1.0" encoding="UTF-8"?>
<!-- Generated by org.testng.reporters.JUnitXMLReporter -->
<testsuite ignored="0" hostname="LAPTOP-LP9QG413" failures="0" tests="3" name="Test" time="0.041" errors="0" timestamp="2021-04-02T21:12:45 EDT">
  <testcase classname="resedencialbuilder.atbuilder.LoginTest" name="testcase1" time="0.004"/>
  <testcase classname="resedencialbuilder.atbuilder.LoginTest" name="testcase2" time="0.0"/>
  <testcase classname="resedencialbuilder.atbuilder.LoginTest" name="testcase3" time="0.001"/>
</testsuite> <!-- Test -->
