<?xml version="1.0" encoding="UTF-8"?>
<testng-results ignored="0" total="3" passed="3" failed="0" skipped="0">
  <reporter-output>
  </reporter-output>
  <suite started-at="2021-04-02T21:12:45 EDT" name="Suite" finished-at="2021-04-02T21:12:45 EDT" duration-ms="41">
    <groups>
    </groups>
    <test started-at="2021-04-02T21:12:45 EDT" name="Test" finished-at="2021-04-02T21:12:45 EDT" duration-ms="41">
      <class name="resedencialbuilder.atbuilder.LoginTest">
        <test-method signature="testcase1()[pri:0, instance:resedencialbuilder.atbuilder.LoginTest@7d68ef40]" started-at="2021-04-02T21:12:45 EDT" name="testcase1" finished-at="2021-04-02T21:12:45 EDT" duration-ms="4" status="PASS">
          <reporter-output>
          </reporter-output>
        </test-method> <!-- testcase1 -->
        <test-method signature="testcase3()[pri:0, instance:resedencialbuilder.atbuilder.LoginTest@7d68ef40]" started-at="2021-04-02T21:12:45 EDT" name="testcase3" finished-at="2021-04-02T21:12:45 EDT" duration-ms="1" status="PASS">
          <reporter-output>
          </reporter-output>
        </test-method> <!-- testcase3 -->
        <test-method signature="testcase2()[pri:0, instance:resedencialbuilder.atbuilder.LoginTest@7d68ef40]" started-at="2021-04-02T21:12:45 EDT" name="testcase2" finished-at="2021-04-02T21:12:45 EDT" duration-ms="0" status="PASS">
          <reporter-output>
          </reporter-output>
        </test-method> <!-- testcase2 -->
      </class> <!-- resedencialbuilder.atbuilder.LoginTest -->
    </test> <!-- Test -->
  </suite> <!-- Suite -->
</testng-results>
